Started GET "/" for 127.0.0.1 at 2017-07-14 02:12:19 -0500
Processing by Rails::WelcomeController#index as HTML
  Rendering /Users/andrewneidley/.rvm/gems/ruby-2.4.0/gems/railties-5.1.2/lib/rails/templates/rails/welcome/index.html.erb
  Rendered /Users/andrewneidley/.rvm/gems/ruby-2.4.0/gems/railties-5.1.2/lib/rails/templates/rails/welcome/index.html.erb (3.6ms)
Completed 200 OK in 147ms (Views: 11.2ms)


Started GET "/" for 127.0.0.1 at 2017-07-14 02:14:06 -0500
Processing by Rails::WelcomeController#index as HTML
  Rendering /Users/andrewneidley/.rvm/gems/ruby-2.4.0/gems/railties-5.1.2/lib/rails/templates/rails/welcome/index.html.erb
  Rendered /Users/andrewneidley/.rvm/gems/ruby-2.4.0/gems/railties-5.1.2/lib/rails/templates/rails/welcome/index.html.erb (3.3ms)
Completed 200 OK in 153ms (Views: 7.4ms)


Started GET "/" for 127.0.0.1 at 2017-07-14 02:46:47 -0500
Processing by Rails::WelcomeController#index as HTML
  Rendering /Users/andrewneidley/.rvm/gems/ruby-2.4.0/gems/railties-5.1.2/lib/rails/templates/rails/welcome/index.html.erb
  Rendered /Users/andrewneidley/.rvm/gems/ruby-2.4.0/gems/railties-5.1.2/lib/rails/templates/rails/welcome/index.html.erb (3.2ms)
Completed 200 OK in 155ms (Views: 7.1ms)


Started GET "/" for 127.0.0.1 at 2017-07-14 02:53:29 -0500
Processing by Rails::WelcomeController#index as HTML
  Rendering /Users/andrewneidley/.rvm/gems/ruby-2.4.0/gems/railties-5.1.2/lib/rails/templates/rails/welcome/index.html.erb
  Rendered /Users/andrewneidley/.rvm/gems/ruby-2.4.0/gems/railties-5.1.2/lib/rails/templates/rails/welcome/index.html.erb (3.3ms)
Completed 200 OK in 136ms (Views: 7.3ms)


Started GET "/" for 127.0.0.1 at 2017-07-14 03:05:58 -0500
Processing by Rails::WelcomeController#index as HTML
  Rendering /Users/andrewneidley/.rvm/gems/ruby-2.4.0/gems/railties-5.1.2/lib/rails/templates/rails/welcome/index.html.erb
  Rendered /Users/andrewneidley/.rvm/gems/ruby-2.4.0/gems/railties-5.1.2/lib/rails/templates/rails/welcome/index.html.erb (3.5ms)
Completed 200 OK in 138ms (Views: 9.8ms)


Started GET "/index" for 127.0.0.1 at 2017-07-14 03:17:33 -0500
  
ActionController::RoutingError (No route matches [GET] "/index"):
  
actionpack (5.1.2) lib/action_dispatch/middleware/debug_exceptions.rb:63:in `call'
actionpack (5.1.2) lib/action_dispatch/middleware/show_exceptions.rb:31:in `call'
railties (5.1.2) lib/rails/rack/logger.rb:36:in `call_app'
railties (5.1.2) lib/rails/rack/logger.rb:24:in `block in call'
activesupport (5.1.2) lib/active_support/tagged_logging.rb:69:in `block in tagged'
activesupport (5.1.2) lib/active_support/tagged_logging.rb:26:in `tagged'
activesupport (5.1.2) lib/active_support/tagged_logging.rb:69:in `tagged'
railties (5.1.2) lib/rails/rack/logger.rb:24:in `call'
sprockets-rails (3.2.0) lib/sprockets/rails/quiet_assets.rb:13:in `call'
actionpack (5.1.2) lib/action_dispatch/middleware/remote_ip.rb:79:in `call'
actionpack (5.1.2) lib/action_dispatch/middleware/request_id.rb:25:in `call'
rack (2.0.3) lib/rack/method_override.rb:22:in `call'
rack (2.0.3) lib/rack/runtime.rb:22:in `call'
activesupport (5.1.2) lib/active_support/cache/strategy/local_cache_middleware.rb:27:in `call'
actionpack (5.1.2) lib/action_dispatch/middleware/executor.rb:12:in `call'
actionpack (5.1.2) lib/action_dispatch/middleware/static.rb:125:in `call'
rack (2.0.3) lib/rack/sendfile.rb:111:in `call'
railties (5.1.2) lib/rails/engine.rb:522:in `call'
puma (3.9.1) lib/puma/configuration.rb:224:in `call'
puma (3.9.1) lib/puma/server.rb:602:in `handle_request'
puma (3.9.1) lib/puma/server.rb:435:in `process_client'
puma (3.9.1) lib/puma/server.rb:299:in `block in run'
puma (3.9.1) lib/puma/thread_pool.rb:120:in `block in spawn_thread'
Started GET "/welcome/index" for 127.0.0.1 at 2017-07-14 03:17:49 -0500
Processing by WelcomeController#index as HTML
  Rendering welcome/index.html.erb within layouts/application
  Rendered welcome/index.html.erb within layouts/application (0.4ms)
Completed 200 OK in 418ms (Views: 301.5ms)


Started GET "/welcome/about" for 127.0.0.1 at 2017-07-14 03:17:55 -0500
Processing by WelcomeController#about as HTML
  Rendering welcome/about.html.erb within layouts/application
  Rendered welcome/about.html.erb within layouts/application (0.7ms)
Completed 200 OK in 18ms (Views: 15.8ms)


Started GET "/" for 127.0.0.1 at 2017-07-14 03:19:39 -0500
Processing by WelcomeController#index as HTML
  Rendering welcome/index.html.erb within layouts/application
  Rendered welcome/index.html.erb within layouts/application (0.8ms)
Completed 200 OK in 331ms (Views: 211.5ms)


